<?xml version="1.0" encoding="UTF-8"?>
<testng-results skipped="0" failed="2" ignored="0" total="13" passed="11">
  <reporter-output>
  </reporter-output>
  <suite name="Command line suite" duration-ms="270901" started-at="2020-07-01T14:44:32 IST" finished-at="2020-07-01T14:49:03 IST">
    <groups>
    </groups>
    <test name="Command line test" duration-ms="270901" started-at="2020-07-01T14:44:32 IST" finished-at="2020-07-01T14:49:03 IST">
      <class name="com.crm.qa.test.LoginTest">
        <test-method status="PASS" signature="setUp()[pri:0, instance:com.crm.qa.test.LoginTest@544fe44c]" name="setUp" is-config="true" duration-ms="19208" started-at="2020-07-01T14:46:49 IST" finished-at="2020-07-01T14:47:08 IST">
          <reporter-output>
          </reporter-output>
        </test-method> <!-- setUp -->
        <test-method status="PASS" signature="TestClassicCRM()[pri:0, instance:com.crm.qa.test.LoginTest@544fe44c]" name="TestClassicCRM" duration-ms="5159" started-at="2020-07-01T14:47:08 IST" finished-at="2020-07-01T14:47:13 IST">
          <reporter-output>
          </reporter-output>
        </test-method> <!-- TestClassicCRM -->
        <test-method status="PASS" signature="teardown()[pri:0, instance:com.crm.qa.test.LoginTest@544fe44c]" name="teardown" is-config="true" duration-ms="1066" started-at="2020-07-01T14:47:13 IST" finished-at="2020-07-01T14:47:15 IST">
          <reporter-output>
          </reporter-output>
        </test-method> <!-- teardown -->
        <test-method status="PASS" signature="setUp()[pri:0, instance:com.crm.qa.test.LoginTest@544fe44c]" name="setUp" is-config="true" duration-ms="11880" started-at="2020-07-01T14:47:15 IST" finished-at="2020-07-01T14:47:26 IST">
          <reporter-output>
          </reporter-output>
        </test-method> <!-- setUp -->
        <test-method status="PASS" signature="TestForgotPassword()[pri:0, instance:com.crm.qa.test.LoginTest@544fe44c]" name="TestForgotPassword" duration-ms="1410" started-at="2020-07-01T14:47:26 IST" finished-at="2020-07-01T14:47:28 IST">
          <reporter-output>
          </reporter-output>
        </test-method> <!-- TestForgotPassword -->
        <test-method status="PASS" signature="teardown()[pri:0, instance:com.crm.qa.test.LoginTest@544fe44c]" name="teardown" is-config="true" duration-ms="1209" started-at="2020-07-01T14:47:28 IST" finished-at="2020-07-01T14:47:29 IST">
          <reporter-output>
          </reporter-output>
        </test-method> <!-- teardown -->
        <test-method status="PASS" signature="setUp()[pri:0, instance:com.crm.qa.test.LoginTest@544fe44c]" name="setUp" is-config="true" duration-ms="16368" started-at="2020-07-01T14:47:29 IST" finished-at="2020-07-01T14:47:45 IST">
          <reporter-output>
          </reporter-output>
        </test-method> <!-- setUp -->
        <test-method status="PASS" signature="TestInvalidLogin()[pri:0, instance:com.crm.qa.test.LoginTest@544fe44c]" name="TestInvalidLogin" duration-ms="1379" started-at="2020-07-01T14:47:45 IST" finished-at="2020-07-01T14:47:47 IST">
          <reporter-output>
          </reporter-output>
        </test-method> <!-- TestInvalidLogin -->
        <test-method status="PASS" signature="teardown()[pri:0, instance:com.crm.qa.test.LoginTest@544fe44c]" name="teardown" is-config="true" duration-ms="1078" started-at="2020-07-01T14:47:47 IST" finished-at="2020-07-01T14:47:48 IST">
          <reporter-output>
          </reporter-output>
        </test-method> <!-- teardown -->
        <test-method status="PASS" signature="setUp()[pri:0, instance:com.crm.qa.test.LoginTest@544fe44c]" name="setUp" is-config="true" duration-ms="15151" started-at="2020-07-01T14:47:48 IST" finished-at="2020-07-01T14:48:03 IST">
          <reporter-output>
          </reporter-output>
        </test-method> <!-- setUp -->
        <test-method status="PASS" signature="TestSignUp()[pri:0, instance:com.crm.qa.test.LoginTest@544fe44c]" name="TestSignUp" duration-ms="2268" started-at="2020-07-01T14:48:03 IST" finished-at="2020-07-01T14:48:05 IST">
          <reporter-output>
          </reporter-output>
        </test-method> <!-- TestSignUp -->
        <test-method status="PASS" signature="teardown()[pri:0, instance:com.crm.qa.test.LoginTest@544fe44c]" name="teardown" is-config="true" duration-ms="1181" started-at="2020-07-01T14:48:05 IST" finished-at="2020-07-01T14:48:06 IST">
          <reporter-output>
          </reporter-output>
        </test-method> <!-- teardown -->
        <test-method status="PASS" signature="setUp()[pri:0, instance:com.crm.qa.test.LoginTest@544fe44c]" name="setUp" is-config="true" duration-ms="12066" started-at="2020-07-01T14:48:06 IST" finished-at="2020-07-01T14:48:19 IST">
          <reporter-output>
          </reporter-output>
        </test-method> <!-- setUp -->
        <test-method status="PASS" signature="TestValidLogin()[pri:0, instance:com.crm.qa.test.LoginTest@544fe44c]" name="TestValidLogin" duration-ms="3288" started-at="2020-07-01T14:48:19 IST" finished-at="2020-07-01T14:48:22 IST">
          <reporter-output>
          </reporter-output>
        </test-method> <!-- TestValidLogin -->
        <test-method status="PASS" signature="teardown()[pri:0, instance:com.crm.qa.test.LoginTest@544fe44c]" name="teardown" is-config="true" duration-ms="1129" started-at="2020-07-01T14:48:22 IST" finished-at="2020-07-01T14:48:23 IST">
          <reporter-output>
          </reporter-output>
        </test-method> <!-- teardown -->
        <test-method status="PASS" signature="setUp()[pri:0, instance:com.crm.qa.test.LoginTest@544fe44c]" name="setUp" is-config="true" duration-ms="12059" started-at="2020-07-01T14:48:23 IST" finished-at="2020-07-01T14:48:35 IST">
          <reporter-output>
          </reporter-output>
        </test-method> <!-- setUp -->
        <test-method status="PASS" signature="verifyLoginPageTitle()[pri:0, instance:com.crm.qa.test.LoginTest@544fe44c]" name="verifyLoginPageTitle" duration-ms="13" started-at="2020-07-01T14:48:35 IST" finished-at="2020-07-01T14:48:35 IST">
          <reporter-output>
          </reporter-output>
        </test-method> <!-- verifyLoginPageTitle -->
        <test-method status="PASS" signature="teardown()[pri:0, instance:com.crm.qa.test.LoginTest@544fe44c]" name="teardown" is-config="true" duration-ms="1346" started-at="2020-07-01T14:48:35 IST" finished-at="2020-07-01T14:48:36 IST">
          <reporter-output>
          </reporter-output>
        </test-method> <!-- teardown -->
      </class> <!-- com.crm.qa.test.LoginTest -->
      <class name="com.crm.qa.test.SingUpTest">
        <test-method status="PASS" signature="setUp()[pri:0, instance:com.crm.qa.test.SingUpTest@31610302]" name="setUp" is-config="true" duration-ms="11510" started-at="2020-07-01T14:48:36 IST" finished-at="2020-07-01T14:48:48 IST">
          <reporter-output>
          </reporter-output>
        </test-method> <!-- setUp -->
        <test-method status="PASS" signature="testSignUp()[pri:0, instance:com.crm.qa.test.SingUpTest@31610302]" name="testSignUp" duration-ms="2863" started-at="2020-07-01T14:48:48 IST" finished-at="2020-07-01T14:48:51 IST">
          <reporter-output>
          </reporter-output>
        </test-method> <!-- testSignUp -->
        <test-method status="PASS" signature="setUp()[pri:0, instance:com.crm.qa.test.SingUpTest@31610302]" name="setUp" is-config="true" duration-ms="12593" started-at="2020-07-01T14:48:51 IST" finished-at="2020-07-01T14:49:03 IST">
          <reporter-output>
          </reporter-output>
        </test-method> <!-- setUp -->
        <test-method status="PASS" signature="testSuccessfulSignUp()[pri:0, instance:com.crm.qa.test.SingUpTest@31610302]" name="testSuccessfulSignUp" duration-ms="0" started-at="2020-07-01T14:49:03 IST" finished-at="2020-07-01T14:49:03 IST">
          <reporter-output>
          </reporter-output>
        </test-method> <!-- testSuccessfulSignUp -->
      </class> <!-- com.crm.qa.test.SingUpTest -->
      <class name="com.crm.qa.test.ContactsTest">
        <test-method status="PASS" signature="setUp()[pri:0, instance:com.crm.qa.test.ContactsTest@3c0f93f1]" name="setUp" is-config="true" duration-ms="18508" started-at="2020-07-01T14:44:32 IST" finished-at="2020-07-01T14:44:51 IST">
          <reporter-output>
          </reporter-output>
        </test-method> <!-- setUp -->
        <test-method status="FAIL" signature="ValidateCreateContactPage()[pri:0, instance:com.crm.qa.test.ContactsTest@3c0f93f1]" name="ValidateCreateContactPage" duration-ms="45487" started-at="2020-07-01T14:44:51 IST" finished-at="2020-07-01T14:45:36 IST">
          <exception class="org.openqa.selenium.NoSuchElementException">
            <message>
              <![CDATA[no such element: Unable to locate element: {"method":"xpath","selector":"//div[contains(text(),'Create New Contact')]"}
  (Session info: chrome=83.0.4103.116)
For documentation on this error, please visit: http://seleniumhq.org/exceptions/no_such_element.html
Build info: version: '3.14.0', revision: 'aacccce0', time: '2018-08-02T20:19:58.91Z'
System info: host: '360NDCLP063', ip: '192.168.1.117', os.name: 'Windows 10', os.arch: 'amd64', os.version: '10.0', java.version: '1.8.0_121'
Driver info: org.openqa.selenium.chrome.ChromeDriver
Capabilities {acceptInsecureCerts: false, browserName: chrome, browserVersion: 83.0.4103.116, chrome: {chromedriverVersion: 83.0.4103.39 (ccbf011cb2d2b..., userDataDir: C:\Users\sufiyap\AppData\Lo...}, goog:chromeOptions: {debuggerAddress: localhost:61696}, javascriptEnabled: true, networkConnectionEnabled: false, pageLoadStrategy: normal, platform: WINDOWS, platformName: WINDOWS, proxy: Proxy(), setWindowRect: true, strictFileInteractability: false, timeouts: {implicit: 0, pageLoad: 300000, script: 30000}, unhandledPromptBehavior: dismiss and notify, webauthn:virtualAuthenticators: true}
Session ID: ff7e58e9a0df8d2a7955ff294ca75012
*** Element info: {Using=xpath, value=//div[contains(text(),'Create New Contact')]}]]>
            </message>
            <full-stacktrace>
              <![CDATA[org.openqa.selenium.NoSuchElementException: no such element: Unable to locate element: {"method":"xpath","selector":"//div[contains(text(),'Create New Contact')]"}
  (Session info: chrome=83.0.4103.116)
For documentation on this error, please visit: http://seleniumhq.org/exceptions/no_such_element.html
Build info: version: '3.14.0', revision: 'aacccce0', time: '2018-08-02T20:19:58.91Z'
System info: host: '360NDCLP063', ip: '192.168.1.117', os.name: 'Windows 10', os.arch: 'amd64', os.version: '10.0', java.version: '1.8.0_121'
Driver info: org.openqa.selenium.chrome.ChromeDriver
Capabilities {acceptInsecureCerts: false, browserName: chrome, browserVersion: 83.0.4103.116, chrome: {chromedriverVersion: 83.0.4103.39 (ccbf011cb2d2b..., userDataDir: C:\Users\sufiyap\AppData\Lo...}, goog:chromeOptions: {debuggerAddress: localhost:61696}, javascriptEnabled: true, networkConnectionEnabled: false, pageLoadStrategy: normal, platform: WINDOWS, platformName: WINDOWS, proxy: Proxy(), setWindowRect: true, strictFileInteractability: false, timeouts: {implicit: 0, pageLoad: 300000, script: 30000}, unhandledPromptBehavior: dismiss and notify, webauthn:virtualAuthenticators: true}
Session ID: ff7e58e9a0df8d2a7955ff294ca75012
*** Element info: {Using=xpath, value=//div[contains(text(),'Create New Contact')]}
at sun.reflect.NativeConstructorAccessorImpl.newInstance0(Native Method)
at sun.reflect.NativeConstructorAccessorImpl.newInstance(NativeConstructorAccessorImpl.java:62)
at sun.reflect.DelegatingConstructorAccessorImpl.newInstance(DelegatingConstructorAccessorImpl.java:45)
at java.lang.reflect.Constructor.newInstance(Constructor.java:423)
at org.openqa.selenium.remote.http.W3CHttpResponseCodec.createException(W3CHttpResponseCodec.java:187)
at org.openqa.selenium.remote.http.W3CHttpResponseCodec.decode(W3CHttpResponseCodec.java:122)
at org.openqa.selenium.remote.http.W3CHttpResponseCodec.decode(W3CHttpResponseCodec.java:49)
at org.openqa.selenium.remote.HttpCommandExecutor.execute(HttpCommandExecutor.java:158)
at org.openqa.selenium.remote.service.DriverCommandExecutor.execute(DriverCommandExecutor.java:83)
at org.openqa.selenium.remote.RemoteWebDriver.execute(RemoteWebDriver.java:548)
at org.openqa.selenium.remote.RemoteWebDriver.findElement(RemoteWebDriver.java:322)
at org.openqa.selenium.remote.RemoteWebDriver.findElementByXPath(RemoteWebDriver.java:424)
at org.openqa.selenium.By$ByXPath.findElement(By.java:353)
at org.openqa.selenium.remote.RemoteWebDriver.findElement(RemoteWebDriver.java:314)
at org.openqa.selenium.support.pagefactory.DefaultElementLocator.findElement(DefaultElementLocator.java:69)
at org.openqa.selenium.support.pagefactory.internal.LocatingElementHandler.invoke(LocatingElementHandler.java:38)
at com.sun.proxy.$Proxy8.getText(Unknown Source)
at com.crm.qa.utils.TestUtils.verifyHeaderText(TestUtils.java:25)
at com.crm.qa.pages.ContactPage.verifyCreateContactHeader(ContactPage.java:46)
at com.crm.qa.test.ContactsTest.ValidateCreateContactPage(ContactsTest.java:64)
at sun.reflect.NativeMethodAccessorImpl.invoke0(Native Method)
at sun.reflect.NativeMethodAccessorImpl.invoke(NativeMethodAccessorImpl.java:62)
at sun.reflect.DelegatingMethodAccessorImpl.invoke(DelegatingMethodAccessorImpl.java:43)
at java.lang.reflect.Method.invoke(Method.java:498)
at org.testng.internal.MethodInvocationHelper.invokeMethod(MethodInvocationHelper.java:134)
at org.testng.internal.TestInvoker.invokeMethod(TestInvoker.java:597)
at org.testng.internal.TestInvoker.invokeTestMethod(TestInvoker.java:173)
at org.testng.internal.MethodRunner.runInSequence(MethodRunner.java:46)
at org.testng.internal.TestInvoker$MethodInvocationAgent.invoke(TestInvoker.java:816)
at org.testng.internal.TestInvoker.invokeTestMethods(TestInvoker.java:146)
at org.testng.internal.TestMethodWorker.invokeTestMethods(TestMethodWorker.java:146)
at org.testng.internal.TestMethodWorker.run(TestMethodWorker.java:128)
at java.util.ArrayList.forEach(ArrayList.java:1249)
at org.testng.TestRunner.privateRun(TestRunner.java:766)
at org.testng.TestRunner.run(TestRunner.java:587)
at org.testng.SuiteRunner.runTest(SuiteRunner.java:384)
at org.testng.SuiteRunner.runSequentially(SuiteRunner.java:378)
at org.testng.SuiteRunner.privateRun(SuiteRunner.java:337)
at org.testng.SuiteRunner.run(SuiteRunner.java:286)
at org.testng.SuiteRunnerWorker.runSuite(SuiteRunnerWorker.java:53)
at org.testng.SuiteRunnerWorker.run(SuiteRunnerWorker.java:96)
at org.testng.TestNG.runSuitesSequentially(TestNG.java:1187)
at org.testng.TestNG.runSuitesLocally(TestNG.java:1109)
at org.testng.TestNG.runSuites(TestNG.java:1039)
at org.testng.TestNG.run(TestNG.java:1007)
at org.apache.maven.surefire.testng.TestNGExecutor.run(TestNGExecutor.java:77)
at org.apache.maven.surefire.testng.TestNGDirectoryTestSuite.executeMulti(TestNGDirectoryTestSuite.java:159)
at org.apache.maven.surefire.testng.TestNGDirectoryTestSuite.execute(TestNGDirectoryTestSuite.java:99)
at org.apache.maven.surefire.testng.TestNGProvider.invoke(TestNGProvider.java:106)
at sun.reflect.NativeMethodAccessorImpl.invoke0(Native Method)
at sun.reflect.NativeMethodAccessorImpl.invoke(NativeMethodAccessorImpl.java:62)
at sun.reflect.DelegatingMethodAccessorImpl.invoke(DelegatingMethodAccessorImpl.java:43)
at java.lang.reflect.Method.invoke(Method.java:498)
at org.apache.maven.surefire.util.ReflectionUtils.invokeMethodWithArray(ReflectionUtils.java:189)
at org.apache.maven.surefire.booter.ProviderFactory$ProviderProxy.invoke(ProviderFactory.java:165)
at org.apache.maven.surefire.booter.ProviderFactory.invokeProvider(ProviderFactory.java:85)
at org.apache.maven.surefire.booter.ForkedBooter.runSuitesInProcess(ForkedBooter.java:115)
at org.apache.maven.surefire.booter.ForkedBooter.main(ForkedBooter.java:75)
]]>
            </full-stacktrace>
          </exception> <!-- org.openqa.selenium.NoSuchElementException -->
          <reporter-output>
          </reporter-output>
        </test-method> <!-- ValidateCreateContactPage -->
        <test-method status="PASS" signature="teardown()[pri:0, instance:com.crm.qa.test.ContactsTest@3c0f93f1]" name="teardown" is-config="true" duration-ms="1" started-at="2020-07-01T14:45:37 IST" finished-at="2020-07-01T14:45:37 IST">
          <reporter-output>
          </reporter-output>
        </test-method> <!-- teardown -->
      </class> <!-- com.crm.qa.test.ContactsTest -->
      <class name="com.crm.qa.test.HomeTest">
        <test-method status="PASS" signature="setUp()[pri:0, instance:com.crm.qa.test.HomeTest@31dc339b]" name="setUp" is-config="true" duration-ms="15372" started-at="2020-07-01T14:45:37 IST" finished-at="2020-07-01T14:45:52 IST">
          <reporter-output>
          </reporter-output>
        </test-method> <!-- setUp -->
        <test-method status="PASS" signature="clickOnMenu()[pri:0, instance:com.crm.qa.test.HomeTest@31dc339b]" name="clickOnMenu" duration-ms="2661" started-at="2020-07-01T14:45:52 IST" finished-at="2020-07-01T14:45:55 IST">
          <reporter-output>
          </reporter-output>
        </test-method> <!-- clickOnMenu -->
        <test-method status="PASS" signature="teardown()[pri:0, instance:com.crm.qa.test.HomeTest@31dc339b]" name="teardown" is-config="true" duration-ms="1350" started-at="2020-07-01T14:45:55 IST" finished-at="2020-07-01T14:45:56 IST">
          <reporter-output>
          </reporter-output>
        </test-method> <!-- teardown -->
        <test-method status="PASS" signature="setUp()[pri:0, instance:com.crm.qa.test.HomeTest@31dc339b]" name="setUp" is-config="true" duration-ms="12835" started-at="2020-07-01T14:45:56 IST" finished-at="2020-07-01T14:46:09 IST">
          <reporter-output>
          </reporter-output>
        </test-method> <!-- setUp -->
        <test-method status="FAIL" signature="validateHomePage()[pri:0, instance:com.crm.qa.test.HomeTest@31dc339b]" name="validateHomePage" duration-ms="1114" started-at="2020-07-01T14:46:09 IST" finished-at="2020-07-01T14:46:10 IST">
          <exception class="org.openqa.selenium.StaleElementReferenceException">
            <message>
              <![CDATA[stale element reference: element is not attached to the page document
  (Session info: chrome=83.0.4103.116)
For documentation on this error, please visit: http://seleniumhq.org/exceptions/stale_element_reference.html
Build info: version: '3.14.0', revision: 'aacccce0', time: '2018-08-02T20:19:58.91Z'
System info: host: '360NDCLP063', ip: '192.168.1.117', os.name: 'Windows 10', os.arch: 'amd64', os.version: '10.0', java.version: '1.8.0_121'
Driver info: org.openqa.selenium.chrome.ChromeDriver
Capabilities {acceptInsecureCerts: false, browserName: chrome, browserVersion: 83.0.4103.116, chrome: {chromedriverVersion: 83.0.4103.39 (ccbf011cb2d2b..., userDataDir: C:\Users\sufiyap\AppData\Lo...}, goog:chromeOptions: {debuggerAddress: localhost:61764}, javascriptEnabled: true, networkConnectionEnabled: false, pageLoadStrategy: normal, platform: WINDOWS, platformName: WINDOWS, proxy: Proxy(), setWindowRect: true, strictFileInteractability: false, timeouts: {implicit: 0, pageLoad: 300000, script: 30000}, unhandledPromptBehavior: dismiss and notify, webauthn:virtualAuthenticators: true}
Session ID: b7a2bd976d0a3e415a0f5945d70e461f]]>
            </message>
            <full-stacktrace>
              <![CDATA[org.openqa.selenium.StaleElementReferenceException: stale element reference: element is not attached to the page document
  (Session info: chrome=83.0.4103.116)
For documentation on this error, please visit: http://seleniumhq.org/exceptions/stale_element_reference.html
Build info: version: '3.14.0', revision: 'aacccce0', time: '2018-08-02T20:19:58.91Z'
System info: host: '360NDCLP063', ip: '192.168.1.117', os.name: 'Windows 10', os.arch: 'amd64', os.version: '10.0', java.version: '1.8.0_121'
Driver info: org.openqa.selenium.chrome.ChromeDriver
Capabilities {acceptInsecureCerts: false, browserName: chrome, browserVersion: 83.0.4103.116, chrome: {chromedriverVersion: 83.0.4103.39 (ccbf011cb2d2b..., userDataDir: C:\Users\sufiyap\AppData\Lo...}, goog:chromeOptions: {debuggerAddress: localhost:61764}, javascriptEnabled: true, networkConnectionEnabled: false, pageLoadStrategy: normal, platform: WINDOWS, platformName: WINDOWS, proxy: Proxy(), setWindowRect: true, strictFileInteractability: false, timeouts: {implicit: 0, pageLoad: 300000, script: 30000}, unhandledPromptBehavior: dismiss and notify, webauthn:virtualAuthenticators: true}
Session ID: b7a2bd976d0a3e415a0f5945d70e461f
at sun.reflect.NativeConstructorAccessorImpl.newInstance0(Native Method)
at sun.reflect.NativeConstructorAccessorImpl.newInstance(NativeConstructorAccessorImpl.java:62)
at sun.reflect.DelegatingConstructorAccessorImpl.newInstance(DelegatingConstructorAccessorImpl.java:45)
at java.lang.reflect.Constructor.newInstance(Constructor.java:423)
at org.openqa.selenium.remote.http.W3CHttpResponseCodec.createException(W3CHttpResponseCodec.java:187)
at org.openqa.selenium.remote.http.W3CHttpResponseCodec.decode(W3CHttpResponseCodec.java:122)
at org.openqa.selenium.remote.http.W3CHttpResponseCodec.decode(W3CHttpResponseCodec.java:49)
at org.openqa.selenium.remote.HttpCommandExecutor.execute(HttpCommandExecutor.java:158)
at org.openqa.selenium.remote.service.DriverCommandExecutor.execute(DriverCommandExecutor.java:83)
at org.openqa.selenium.remote.RemoteWebDriver.execute(RemoteWebDriver.java:548)
at org.openqa.selenium.remote.RemoteWebElement.execute(RemoteWebElement.java:276)
at org.openqa.selenium.remote.RemoteWebElement.click(RemoteWebElement.java:83)
at sun.reflect.NativeMethodAccessorImpl.invoke0(Native Method)
at sun.reflect.NativeMethodAccessorImpl.invoke(NativeMethodAccessorImpl.java:62)
at sun.reflect.DelegatingMethodAccessorImpl.invoke(DelegatingMethodAccessorImpl.java:43)
at java.lang.reflect.Method.invoke(Method.java:498)
at org.openqa.selenium.support.pagefactory.internal.LocatingElementHandler.invoke(LocatingElementHandler.java:51)
at com.sun.proxy.$Proxy8.click(Unknown Source)
at com.crm.qa.utils.TestUtils.clickOn(TestUtils.java:20)
at com.crm.qa.pages.HomePage.getPageHeader(HomePage.java:43)
at com.crm.qa.test.HomeTest.validateHomePage(HomeTest.java:39)
at sun.reflect.NativeMethodAccessorImpl.invoke0(Native Method)
at sun.reflect.NativeMethodAccessorImpl.invoke(NativeMethodAccessorImpl.java:62)
at sun.reflect.DelegatingMethodAccessorImpl.invoke(DelegatingMethodAccessorImpl.java:43)
at java.lang.reflect.Method.invoke(Method.java:498)
at org.testng.internal.MethodInvocationHelper.invokeMethod(MethodInvocationHelper.java:134)
at org.testng.internal.TestInvoker.invokeMethod(TestInvoker.java:597)
at org.testng.internal.TestInvoker.invokeTestMethod(TestInvoker.java:173)
at org.testng.internal.MethodRunner.runInSequence(MethodRunner.java:46)
at org.testng.internal.TestInvoker$MethodInvocationAgent.invoke(TestInvoker.java:816)
at org.testng.internal.TestInvoker.invokeTestMethods(TestInvoker.java:146)
at org.testng.internal.TestMethodWorker.invokeTestMethods(TestMethodWorker.java:146)
at org.testng.internal.TestMethodWorker.run(TestMethodWorker.java:128)
at java.util.ArrayList.forEach(ArrayList.java:1249)
at org.testng.TestRunner.privateRun(TestRunner.java:766)
at org.testng.TestRunner.run(TestRunner.java:587)
at org.testng.SuiteRunner.runTest(SuiteRunner.java:384)
at org.testng.SuiteRunner.runSequentially(SuiteRunner.java:378)
at org.testng.SuiteRunner.privateRun(SuiteRunner.java:337)
at org.testng.SuiteRunner.run(SuiteRunner.java:286)
at org.testng.SuiteRunnerWorker.runSuite(SuiteRunnerWorker.java:53)
at org.testng.SuiteRunnerWorker.run(SuiteRunnerWorker.java:96)
at org.testng.TestNG.runSuitesSequentially(TestNG.java:1187)
at org.testng.TestNG.runSuitesLocally(TestNG.java:1109)
at org.testng.TestNG.runSuites(TestNG.java:1039)
at org.testng.TestNG.run(TestNG.java:1007)
at org.apache.maven.surefire.testng.TestNGExecutor.run(TestNGExecutor.java:77)
at org.apache.maven.surefire.testng.TestNGDirectoryTestSuite.executeMulti(TestNGDirectoryTestSuite.java:159)
at org.apache.maven.surefire.testng.TestNGDirectoryTestSuite.execute(TestNGDirectoryTestSuite.java:99)
at org.apache.maven.surefire.testng.TestNGProvider.invoke(TestNGProvider.java:106)
at sun.reflect.NativeMethodAccessorImpl.invoke0(Native Method)
at sun.reflect.NativeMethodAccessorImpl.invoke(NativeMethodAccessorImpl.java:62)
at sun.reflect.DelegatingMethodAccessorImpl.invoke(DelegatingMethodAccessorImpl.java:43)
at java.lang.reflect.Method.invoke(Method.java:498)
at org.apache.maven.surefire.util.ReflectionUtils.invokeMethodWithArray(ReflectionUtils.java:189)
at org.apache.maven.surefire.booter.ProviderFactory$ProviderProxy.invoke(ProviderFactory.java:165)
at org.apache.maven.surefire.booter.ProviderFactory.invokeProvider(ProviderFactory.java:85)
at org.apache.maven.surefire.booter.ForkedBooter.runSuitesInProcess(ForkedBooter.java:115)
at org.apache.maven.surefire.booter.ForkedBooter.main(ForkedBooter.java:75)
]]>
            </full-stacktrace>
          </exception> <!-- org.openqa.selenium.StaleElementReferenceException -->
          <reporter-output>
          </reporter-output>
        </test-method> <!-- validateHomePage -->
        <test-method status="PASS" signature="teardown()[pri:0, instance:com.crm.qa.test.HomeTest@31dc339b]" name="teardown" is-config="true" duration-ms="1138" started-at="2020-07-01T14:46:11 IST" finished-at="2020-07-01T14:46:13 IST">
          <reporter-output>
          </reporter-output>
        </test-method> <!-- teardown -->
        <test-method status="PASS" signature="setUp()[pri:0, instance:com.crm.qa.test.HomeTest@31dc339b]" name="setUp" is-config="true" duration-ms="15081" started-at="2020-07-01T14:46:13 IST" finished-at="2020-07-01T14:46:28 IST">
          <reporter-output>
          </reporter-output>
        </test-method> <!-- setUp -->
        <test-method status="PASS" signature="validateMenuList()[pri:0, instance:com.crm.qa.test.HomeTest@31dc339b]" name="validateMenuList" duration-ms="2941" started-at="2020-07-01T14:46:28 IST" finished-at="2020-07-01T14:46:31 IST">
          <reporter-output>
          </reporter-output>
        </test-method> <!-- validateMenuList -->
        <test-method status="PASS" signature="teardown()[pri:0, instance:com.crm.qa.test.HomeTest@31dc339b]" name="teardown" is-config="true" duration-ms="1149" started-at="2020-07-01T14:46:31 IST" finished-at="2020-07-01T14:46:32 IST">
          <reporter-output>
          </reporter-output>
        </test-method> <!-- teardown -->
        <test-method status="PASS" signature="setUp()[pri:0, instance:com.crm.qa.test.HomeTest@31dc339b]" name="setUp" is-config="true" duration-ms="12734" started-at="2020-07-01T14:46:32 IST" finished-at="2020-07-01T14:46:45 IST">
          <reporter-output>
          </reporter-output>
        </test-method> <!-- setUp -->
        <test-method status="PASS" signature="validateUser()[pri:0, instance:com.crm.qa.test.HomeTest@31dc339b]" name="validateUser" duration-ms="3341" started-at="2020-07-01T14:46:45 IST" finished-at="2020-07-01T14:46:48 IST">
          <reporter-output>
          </reporter-output>
        </test-method> <!-- validateUser -->
        <test-method status="PASS" signature="teardown()[pri:0, instance:com.crm.qa.test.HomeTest@31dc339b]" name="teardown" is-config="true" duration-ms="1239" started-at="2020-07-01T14:46:48 IST" finished-at="2020-07-01T14:46:49 IST">
          <reporter-output>
          </reporter-output>
        </test-method> <!-- teardown -->
      </class> <!-- com.crm.qa.test.HomeTest -->
    </test> <!-- Command line test -->
  </suite> <!-- Command line suite -->
</testng-results>
