<?xml version="1.0" encoding="UTF-8"?>
<!-- Generated by org.testng.reporters.JUnitReportReporter -->
<testsuite skipped="2" hostname="360NDCLP063" name="com.crm.qa.test.SingUpTest" tests="3" failures="0" timestamp="24 Jun 2020 19:46:59 GMT" time="7.955" errors="1">
  <testcase name="testSuccessfulSignUp" time="0.000" classname="com.crm.qa.test.SingUpTest">
    <skipped/>
  </testcase> <!-- testSuccessfulSignUp -->
  <testcase name="testSignUp" time="0.000" classname="com.crm.qa.test.SingUpTest">
    <skipped/>
  </testcase> <!-- testSignUp -->
  <testcase name="setUp" time="7.955" classname="com.crm.qa.test.SingUpTest">
    <error type="org.openqa.selenium.SessionNotCreatedException" message="session not created
from chrome not reachable
  (Session info: chrome=83.0.4103.116)
Build info: version: &#039;3.14.0&#039;, revision: &#039;aacccce0&#039;, time: &#039;2018-08-02T20:19:58.91Z&#039;
System info: host: &#039;360NDCLP063&#039;, ip: &#039;192.168.1.117&#039;, os.name: &#039;Windows 10&#039;, os.arch: &#039;amd64&#039;, os.version: &#039;10.0&#039;, java.version: &#039;1.8.0_121&#039;
Driver info: driver.version: ChromeDriver
remote stacktrace: Backtrace:
	Ordinal0 [0x01239563+2725219]
	Ordinal0 [0x01138551+1672529]
	Ordinal0 [0x01020202+524802]
	Ordinal0 [0x010199B2+498098]
	Ordinal0 [0x0101A09B+499867]
	Ordinal0 [0x0101AFF5+503797]
	Ordinal0 [0x01016994+485780]
	Ordinal0 [0x01020FF0+528368]
	Ordinal0 [0x00FCD6C9+186057]
	Ordinal0 [0x00FCCA3D+182845]
	Ordinal0 [0x00FCA94B+174411]
	Ordinal0 [0x00FB2528+75048]
	Ordinal0 [0x00FB35A0+79264]
	Ordinal0 [0x00FB3539+79161]
	Ordinal0 [0x0114D607+1758727]
	GetHandleVerifier [0x01356546+1050150]
	GetHandleVerifier [0x01356291+1049457]
	GetHandleVerifier [0x013610D7+1094071]
	GetHandleVerifier [0x01356B46+1051686]
	Ordinal0 [0x01145B06+1727238]
	Ordinal0 [0x0114EB7B+1764219]
	Ordinal0 [0x0114ECE3+1764579]
	Ordinal0 [0x01164C05+1854469]
	BaseThreadInitThunk [0x74368494+36]
	RtlAreBitsSet [0x778641C8+136]
	RtlAreBitsSet [0x77864198+88]
">
      <![CDATA[org.openqa.selenium.SessionNotCreatedException: session not created
from chrome not reachable
  (Session info: chrome=83.0.4103.116)
Build info: version: '3.14.0', revision: 'aacccce0', time: '2018-08-02T20:19:58.91Z'
System info: host: '360NDCLP063', ip: '192.168.1.117', os.name: 'Windows 10', os.arch: 'amd64', os.version: '10.0', java.version: '1.8.0_121'
Driver info: driver.version: ChromeDriver
remote stacktrace: Backtrace:
	Ordinal0 [0x01239563+2725219]
	Ordinal0 [0x01138551+1672529]
	Ordinal0 [0x01020202+524802]
	Ordinal0 [0x010199B2+498098]
	Ordinal0 [0x0101A09B+499867]
	Ordinal0 [0x0101AFF5+503797]
	Ordinal0 [0x01016994+485780]
	Ordinal0 [0x01020FF0+528368]
	Ordinal0 [0x00FCD6C9+186057]
	Ordinal0 [0x00FCCA3D+182845]
	Ordinal0 [0x00FCA94B+174411]
	Ordinal0 [0x00FB2528+75048]
	Ordinal0 [0x00FB35A0+79264]
	Ordinal0 [0x00FB3539+79161]
	Ordinal0 [0x0114D607+1758727]
	GetHandleVerifier [0x01356546+1050150]
	GetHandleVerifier [0x01356291+1049457]
	GetHandleVerifier [0x013610D7+1094071]
	GetHandleVerifier [0x01356B46+1051686]
	Ordinal0 [0x01145B06+1727238]
	Ordinal0 [0x0114EB7B+1764219]
	Ordinal0 [0x0114ECE3+1764579]
	Ordinal0 [0x01164C05+1854469]
	BaseThreadInitThunk [0x74368494+36]
	RtlAreBitsSet [0x778641C8+136]
	RtlAreBitsSet [0x77864198+88]

	at sun.reflect.NativeConstructorAccessorImpl.newInstance0(Native Method)
	at sun.reflect.NativeConstructorAccessorImpl.newInstance(NativeConstructorAccessorImpl.java:62)
	at sun.reflect.DelegatingConstructorAccessorImpl.newInstance(DelegatingConstructorAccessorImpl.java:45)
	at java.lang.reflect.Constructor.newInstance(Constructor.java:423)
	at org.openqa.selenium.remote.W3CHandshakeResponse.lambda$new$0(W3CHandshakeResponse.java:57)
	at org.openqa.selenium.remote.W3CHandshakeResponse.lambda$getResponseFunction$2(W3CHandshakeResponse.java:104)
	at org.openqa.selenium.remote.ProtocolHandshake.lambda$createSession$0(ProtocolHandshake.java:122)
	at java.util.stream.ReferencePipeline$3$1.accept(ReferencePipeline.java:193)
	at java.util.Spliterators$ArraySpliterator.tryAdvance(Spliterators.java:958)
	at java.util.stream.ReferencePipeline.forEachWithCancel(ReferencePipeline.java:126)
	at java.util.stream.AbstractPipeline.copyIntoWithCancel(AbstractPipeline.java:498)
	at java.util.stream.AbstractPipeline.copyInto(AbstractPipeline.java:485)
	at java.util.stream.AbstractPipeline.wrapAndCopyInto(AbstractPipeline.java:471)
	at java.util.stream.FindOps$FindOp.evaluateSequential(FindOps.java:152)
	at java.util.stream.AbstractPipeline.evaluate(AbstractPipeline.java:234)
	at java.util.stream.ReferencePipeline.findFirst(ReferencePipeline.java:464)
	at org.openqa.selenium.remote.ProtocolHandshake.createSession(ProtocolHandshake.java:125)
	at org.openqa.selenium.remote.ProtocolHandshake.createSession(ProtocolHandshake.java:73)
	at org.openqa.selenium.remote.HttpCommandExecutor.execute(HttpCommandExecutor.java:136)
	at org.openqa.selenium.remote.service.DriverCommandExecutor.execute(DriverCommandExecutor.java:83)
	at org.openqa.selenium.remote.RemoteWebDriver.execute(RemoteWebDriver.java:548)
	at org.openqa.selenium.remote.RemoteWebDriver.startSession(RemoteWebDriver.java:212)
	at org.openqa.selenium.remote.RemoteWebDriver.<init>(RemoteWebDriver.java:130)
	at org.openqa.selenium.chrome.ChromeDriver.<init>(ChromeDriver.java:181)
	at org.openqa.selenium.chrome.ChromeDriver.<init>(ChromeDriver.java:168)
	at org.openqa.selenium.chrome.ChromeDriver.<init>(ChromeDriver.java:123)
	at com.crm.qa.base.BaseClass.intialization(BaseClass.java:43)
	at com.crm.qa.test.SingUpTest.setUp(SingUpTest.java:23)
	at sun.reflect.NativeMethodAccessorImpl.invoke0(Native Method)
	at sun.reflect.NativeMethodAccessorImpl.invoke(NativeMethodAccessorImpl.java:62)
	at sun.reflect.DelegatingMethodAccessorImpl.invoke(DelegatingMethodAccessorImpl.java:43)
	at java.lang.reflect.Method.invoke(Method.java:498)
	at org.testng.internal.MethodInvocationHelper.invokeMethod(MethodInvocationHelper.java:108)
	at org.testng.internal.Invoker.invokeConfigurationMethod(Invoker.java:523)
	at org.testng.internal.Invoker.invokeConfigurations(Invoker.java:224)
	at org.testng.internal.Invoker.invokeMethod(Invoker.java:599)
	at org.testng.internal.Invoker.invokeTestMethod(Invoker.java:869)
	at org.testng.internal.Invoker.invokeTestMethods(Invoker.java:1193)
	at org.testng.internal.TestMethodWorker.invokeTestMethods(TestMethodWorker.java:126)
	at org.testng.internal.TestMethodWorker.run(TestMethodWorker.java:109)
	at org.testng.TestRunner.privateRun(TestRunner.java:744)
	at org.testng.TestRunner.run(TestRunner.java:602)
	at org.testng.SuiteRunner.runTest(SuiteRunner.java:380)
	at org.testng.SuiteRunner.runSequentially(SuiteRunner.java:375)
	at org.testng.SuiteRunner.privateRun(SuiteRunner.java:340)
	at org.testng.SuiteRunner.run(SuiteRunner.java:289)
	at org.testng.SuiteRunnerWorker.runSuite(SuiteRunnerWorker.java:52)
	at org.testng.SuiteRunnerWorker.run(SuiteRunnerWorker.java:86)
	at org.testng.TestNG.runSuitesSequentially(TestNG.java:1301)
	at org.testng.TestNG.runSuitesLocally(TestNG.java:1226)
	at org.testng.TestNG.runSuites(TestNG.java:1144)
	at org.testng.TestNG.run(TestNG.java:1115)
	at org.apache.maven.surefire.testng.TestNGExecutor.run(TestNGExecutor.java:77)
	at org.apache.maven.surefire.testng.TestNGDirectoryTestSuite.executeMulti(TestNGDirectoryTestSuite.java:159)
	at org.apache.maven.surefire.testng.TestNGDirectoryTestSuite.execute(TestNGDirectoryTestSuite.java:99)
	at org.apache.maven.surefire.testng.TestNGProvider.invoke(TestNGProvider.java:106)
	at sun.reflect.NativeMethodAccessorImpl.invoke0(Native Method)
	at sun.reflect.NativeMethodAccessorImpl.invoke(NativeMethodAccessorImpl.java:62)
	at sun.reflect.DelegatingMethodAccessorImpl.invoke(DelegatingMethodAccessorImpl.java:43)
	at java.lang.reflect.Method.invoke(Method.java:498)
	at org.apache.maven.surefire.util.ReflectionUtils.invokeMethodWithArray(ReflectionUtils.java:189)
	at org.apache.maven.surefire.booter.ProviderFactory$ProviderProxy.invoke(ProviderFactory.java:165)
	at org.apache.maven.surefire.booter.ProviderFactory.invokeProvider(ProviderFactory.java:85)
	at org.apache.maven.surefire.booter.ForkedBooter.runSuitesInProcess(ForkedBooter.java:115)
	at org.apache.maven.surefire.booter.ForkedBooter.main(ForkedBooter.java:75)
]]>
    </error>
  </testcase> <!-- setUp -->
</testsuite> <!-- com.crm.qa.test.SingUpTest -->
